d:\programming\n-body-cuda\bin\intmed\debug\vc143.pdb
d:\programming\n-body-cuda\bin\intmed\debug\vc143.idb
d:\programming\n-body-cuda\bin\intmed\debug\glad.obj
d:\programming\n-body-cuda\bin\intmed\debug\visuals.obj
d:\programming\n-body-cuda\bin\intmed\debug\main.obj
..\bin\cuda\kernel.cu.obj
..\bin\cuda\calc.cu.obj
d:\programming\n-body-cuda\bin\debug\nbody.lib
d:\programming\n-body-cuda\bin\debug\nbody.exp
d:\programming\n-body-cuda\bin\intmed\debug\nbody.ilk
d:\programming\n-body-cuda\bin\intmed\debug\calc.cu.cache
d:\programming\n-body-cuda\bin\intmed\debug\kernel.cu.cache
d:\programming\n-body-cuda\bin\intmed\debug\main.cu.cache
d:\programming\n-body-cuda\bin\intmed\debug\nbody.tlog\cl.command.1.tlog
d:\programming\n-body-cuda\bin\intmed\debug\nbody.tlog\cl.items.tlog
d:\programming\n-body-cuda\bin\intmed\debug\nbody.tlog\cl.read.1.tlog
d:\programming\n-body-cuda\bin\intmed\debug\nbody.tlog\cl.write.1.tlog
d:\programming\n-body-cuda\bin\intmed\debug\nbody.tlog\cudacompile.read.1u.tlog
d:\programming\n-body-cuda\bin\intmed\debug\nbody.tlog\cudacompile.write.1u.tlog
d:\programming\n-body-cuda\bin\intmed\debug\nbody.tlog\link-cvtres.read.1.tlog
d:\programming\n-body-cuda\bin\intmed\debug\nbody.tlog\link-cvtres.write.1.tlog
d:\programming\n-body-cuda\bin\intmed\debug\nbody.tlog\link-rc.read.1.tlog
d:\programming\n-body-cuda\bin\intmed\debug\nbody.tlog\link-rc.write.1.tlog
d:\programming\n-body-cuda\bin\intmed\debug\nbody.tlog\link.5944-cvtres.read.1.tlog
d:\programming\n-body-cuda\bin\intmed\debug\nbody.tlog\link.5944-cvtres.write.1.tlog
d:\programming\n-body-cuda\bin\intmed\debug\nbody.tlog\link.5944-rc.read.1.tlog
d:\programming\n-body-cuda\bin\intmed\debug\nbody.tlog\link.5944-rc.write.1.tlog
d:\programming\n-body-cuda\bin\intmed\debug\nbody.tlog\link.5944.read.1.tlog
d:\programming\n-body-cuda\bin\intmed\debug\nbody.tlog\link.5944.read.2.tlog
d:\programming\n-body-cuda\bin\intmed\debug\nbody.tlog\link.5944.read.3.tlog
d:\programming\n-body-cuda\bin\intmed\debug\nbody.tlog\link.5944.read.4.tlog
d:\programming\n-body-cuda\bin\intmed\debug\nbody.tlog\link.5944.read.5.tlog
d:\programming\n-body-cuda\bin\intmed\debug\nbody.tlog\link.5944.write.1.tlog
d:\programming\n-body-cuda\bin\intmed\debug\nbody.tlog\link.command.1.tlog
d:\programming\n-body-cuda\bin\intmed\debug\nbody.tlog\link.read.1.tlog
d:\programming\n-body-cuda\bin\intmed\debug\nbody.tlog\link.read.2.tlog
d:\programming\n-body-cuda\bin\intmed\debug\nbody.tlog\link.read.3.tlog
d:\programming\n-body-cuda\bin\intmed\debug\nbody.tlog\link.read.4.tlog
d:\programming\n-body-cuda\bin\intmed\debug\nbody.tlog\link.read.5.tlog
d:\programming\n-body-cuda\bin\intmed\debug\nbody.tlog\link.read.6.tlog
d:\programming\n-body-cuda\bin\intmed\debug\nbody.tlog\link.secondary.1.tlog
d:\programming\n-body-cuda\bin\intmed\debug\nbody.tlog\link.write.1.tlog
